[debug] [2024-12-04T19:25:50.828Z] ----------------------------------------------------------------------
[debug] [2024-12-04T19:25:50.830Z] Command:       C:\Program Files\nodejs\node.exe C:\Users\pcnth\AppData\Roaming\npm\node_modules\firebase-tools\lib\bin\firebase.js init hosting
[debug] [2024-12-04T19:25:50.830Z] CLI Version:   13.27.0
[debug] [2024-12-04T19:25:50.830Z] Platform:      win32
[debug] [2024-12-04T19:25:50.831Z] Node Version:  v18.16.0
[debug] [2024-12-04T19:25:50.831Z] Time:          Wed Dec 04 2024 16:25:50 GMT-0300 (hora estándar de Argentina)
[debug] [2024-12-04T19:25:50.831Z] ----------------------------------------------------------------------
[debug] 
[debug] [2024-12-04T19:25:50.839Z] > command requires scopes: ["email","openid","https://www.googleapis.com/auth/cloudplatformprojects.readonly","https://www.googleapis.com/auth/firebase","https://www.googleapis.com/auth/cloud-platform"]
[debug] [2024-12-04T19:25:50.839Z] > authorizing via signed-in user (pcnthiagosis@gmail.com)
[info] 
     ######## #### ########  ######## ########     ###     ######  ########
     ##        ##  ##     ## ##       ##     ##  ##   ##  ##       ##
     ######    ##  ########  ######   ########  #########  ######  ######
     ##        ##  ##    ##  ##       ##     ## ##     ##       ## ##
     ##       #### ##     ## ######## ########  ##     ##  ######  ########

You're about to initialize a Firebase project in this directory:

  C:\Users\pcnth\Downloads\ABPP-V 1.4\ABPP-V 1.3\frontend

[info] 
=== Project Setup
[info] 
[info] First, let's associate this project directory with a Firebase project.
[info] You can create multiple project aliases by running firebase use --add, 
[info] but for now we'll just set up a default project.
[info] 
[debug] [2024-12-04T19:26:10.976Z] Checked if tokens are valid: true, expires at: 1733343921534
[debug] [2024-12-04T19:26:10.976Z] Checked if tokens are valid: true, expires at: 1733343921534
[debug] [2024-12-04T19:26:10.978Z] >>> [apiv2][query] GET https://firebase.googleapis.com/v1beta1/projects pageSize=100
[debug] [2024-12-04T19:26:12.269Z] <<< [apiv2][status] GET https://firebase.googleapis.com/v1beta1/projects 200
[debug] [2024-12-04T19:26:12.269Z] <<< [apiv2][body] GET https://firebase.googleapis.com/v1beta1/projects [omitted]
[info] i  Using project ctpobaprincipal (CTPOBA) 
[info] 
=== Hosting Setup
[debug] [2024-12-04T19:26:15.335Z] Checked if tokens are valid: true, expires at: 1733343921534
[debug] [2024-12-04T19:26:15.336Z] Checked if tokens are valid: true, expires at: 1733343921534
[debug] [2024-12-04T19:26:15.336Z] >>> [apiv2][query] GET https://firebase.googleapis.com/v1beta1/projects/ctpobaprincipal [none]
[debug] [2024-12-04T19:26:15.837Z] <<< [apiv2][status] GET https://firebase.googleapis.com/v1beta1/projects/ctpobaprincipal 200
[debug] [2024-12-04T19:26:15.837Z] <<< [apiv2][body] GET https://firebase.googleapis.com/v1beta1/projects/ctpobaprincipal {"projectId":"ctpobaprincipal","projectNumber":"216433315208","displayName":"CTPOBA","name":"projects/ctpobaprincipal","resources":{"hostingSite":"ctpobaprincipal"},"state":"ACTIVE","etag":"1_1e462566-2595-462b-95cc-635d8433b019"}
[info] 
[info] Your public directory is the folder (relative to your project directory) that
[info] will contain Hosting assets to be uploaded with firebase deploy. If you
[info] have a build process for your assets, use your build's output directory.
[info] 
[info] +  Wrote public/404.html 
[debug] [2024-12-04T19:26:48.146Z] >>> [apiv2][query] GET https://www.gstatic.com/firebasejs/releases.json [none]
[debug] [2024-12-04T19:26:48.701Z] <<< [apiv2][status] GET https://www.gstatic.com/firebasejs/releases.json 200
[debug] [2024-12-04T19:26:48.703Z] <<< [apiv2][body] GET https://www.gstatic.com/firebasejs/releases.json {"current":{"version":"11.0.2","browserURL":"https://www.gstatic.com/firebasejs/11.0.2/firebase.js","packageURL":"https://www.gstatic.com/firebasejs/11.0.2/firebase.tgz"},"live":{"version":"11.0","browserURL":"https://www.gstatic.com/firebasejs/live/11.0/firebase.js","packageURL":"https://www.gstatic.com/firebasejs/live/11.0/firebase.tgz"},"components":{"analytics":"https://www.gstatic.com/firebasejs/11.0.2/firebase-analytics.js","app":"https://www.gstatic.com/firebasejs/11.0.2/firebase-app.js","app-check":"https://www.gstatic.com/firebasejs/11.0.2/firebase-app-check.js","auth":"https://www.gstatic.com/firebasejs/11.0.2/firebase-auth.js","auth/cordova":"https://www.gstatic.com/firebasejs/11.0.2/firebase-auth/cordova.js","auth/web-extension":"https://www.gstatic.com/firebasejs/11.0.2/firebase-auth/web-extension.js","functions":"https://www.gstatic.com/firebasejs/11.0.2/firebase-functions.js","firestore":"https://www.gstatic.com/firebasejs/11.0.2/firebase-firestore.js","firestore/lite":"https://www.gstatic.com/firebasejs/11.0.2/firebase-firestore/lite.js","installations":"https://www.gstatic.com/firebasejs/11.0.2/firebase-installations.js","storage":"https://www.gstatic.com/firebasejs/11.0.2/firebase-storage.js","performance":"https://www.gstatic.com/firebasejs/11.0.2/firebase-performance.js","remote-config":"https://www.gstatic.com/firebasejs/11.0.2/firebase-remote-config.js","messaging":"https://www.gstatic.com/firebasejs/11.0.2/firebase-messaging.js","messaging/sw":"https://www.gstatic.com/firebasejs/11.0.2/firebase-messaging/sw.js","database":"https://www.gstatic.com/firebasejs/11.0.2/firebase-database.js","vertexai":"https://www.gstatic.com/firebasejs/11.0.2/firebase-vertexai.js","data-connect":"https://www.gstatic.com/firebasejs/11.0.2/firebase-data-connect.js","firestore.memory":"https://www.gstatic.com/firebasejs/11.0.2/firebase-firestore.memory.js"}}
[info] +  Wrote public/index.html 
[info] 
[info] i  Didn't detect a .git folder. Assuming C:\Users\pcnth\Downloads\ABPP-V 1.4\ABPP-V 1.3\frontend is the project root. 
[info] i  Authorizing with GitHub to upload your service account to a GitHub repository's secrets store. 
[info] 
[info] Visit this URL on this device to log in:
[info] https://github.com/login/oauth/authorize?client_id=89cf50f02ac6aaed3484&state=606804495&redirect_uri=http%3A%2F%2Flocalhost%3A9005&scope=read%3Auser%20repo%20public_repo
[info] 
[info] Waiting for authentication...
[debug] [2024-12-04T19:27:17.795Z] >>> [apiv2][query] POST https://github.com/login/oauth/access_token [none]
[debug] [2024-12-04T19:27:17.795Z] >>> [apiv2][body] POST https://github.com/login/oauth/access_token [stream]
[debug] [2024-12-04T19:27:18.490Z] <<< [apiv2][status] POST https://github.com/login/oauth/access_token 200
[debug] [2024-12-04T19:27:18.491Z] <<< [apiv2][body] POST https://github.com/login/oauth/access_token {"access_token":"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","token_type":"bearer","scope":"read:user,repo"}
[debug] [2024-12-04T19:27:18.496Z] >>> [apiv2][query] GET https://api.github.com/user [none]
[debug] [2024-12-04T19:27:19.243Z] <<< [apiv2][status] GET https://api.github.com/user 200
[debug] [2024-12-04T19:27:19.244Z] <<< [apiv2][body] GET https://api.github.com/user {"login":"PizarroThiago","id":99510750,"node_id":"U_kgDOBe5p3g","avatar_url":"https://avatars.githubusercontent.com/u/99510750?v=4","gravatar_id":"","url":"https://api.github.com/users/PizarroThiago","html_url":"https://github.com/PizarroThiago","followers_url":"https://api.github.com/users/PizarroThiago/followers","following_url":"https://api.github.com/users/PizarroThiago/following{/other_user}","gists_url":"https://api.github.com/users/PizarroThiago/gists{/gist_id}","starred_url":"https://api.github.com/users/PizarroThiago/starred{/owner}{/repo}","subscriptions_url":"https://api.github.com/users/PizarroThiago/subscriptions","organizations_url":"https://api.github.com/users/PizarroThiago/orgs","repos_url":"https://api.github.com/users/PizarroThiago/repos","events_url":"https://api.github.com/users/PizarroThiago/events{/privacy}","received_events_url":"https://api.github.com/users/PizarroThiago/received_events","type":"User","user_view_type":"private","site_admin":false,"name":null,"company":null,"blog":"","location":null,"email":null,"hireable":null,"bio":null,"twitter_username":null,"notification_email":null,"public_repos":5,"public_gists":0,"followers":0,"following":0,"created_at":"2022-02-11T21:05:05Z","updated_at":"2023-12-02T17:55:05Z","private_gists":0,"total_private_repos":9,"owned_private_repos":9,"disk_usage":45320,"collaborators":3,"two_factor_authentication":false,"plan":{"name":"free","space":976562499,"collaborators":0,"private_repos":10000}}
[info] 
[info] +  Success! Logged into GitHub as PizarroThiago 
[info] 
[debug] [2024-12-04T19:34:55.205Z] >>> [apiv2][query] GET https://api.github.com/repos//actions/secrets/public-key type=owner
[debug] [2024-12-04T19:34:55.864Z] <<< [apiv2][status] GET https://api.github.com/repos//actions/secrets/public-key 404
[debug] [2024-12-04T19:34:55.864Z] <<< [apiv2][body] GET https://api.github.com/repos//actions/secrets/public-key {"message":"Not Found","documentation_url":"https://docs.github.com/rest","status":"404"}
[info] 
[info] 
[error] !  The provided authorization cannot be used with this repository. If this repository is in an organization, did you remember to grant access? 
[info] 
[info] i  Action required: Visit this URL to ensure access has been granted to the appropriate organization(s) for the Firebase CLI GitHub OAuth App: 
[info] https://github.com/settings/connections/applications/89cf50f02ac6aaed3484
[info] 
[debug] [2024-12-04T19:34:55.923Z] >>> [apiv2][query] GET https://api.github.com/repos//actions/secrets/public-key type=owner
[debug] [2024-12-04T19:34:56.327Z] <<< [apiv2][status] GET https://api.github.com/repos//actions/secrets/public-key 404
[debug] [2024-12-04T19:34:56.327Z] <<< [apiv2][body] GET https://api.github.com/repos//actions/secrets/public-key {"message":"Not Found","documentation_url":"https://docs.github.com/rest","status":"404"}
[info] 
[info] 
[error] !  The provided authorization cannot be used with this repository. If this repository is in an organization, did you remember to grant access? 
[info] 
[info] i  Action required: Visit this URL to ensure access has been granted to the appropriate organization(s) for the Firebase CLI GitHub OAuth App: 
[info] https://github.com/settings/connections/applications/89cf50f02ac6aaed3484
[info] 
